<?xml version="1.0" encoding="UTF-8"?>
<testsuites name="TS_Collection Regression Test" time="54.363" tests="18" failures="0" errors="0">
   <testsuite name="TS_Collection Regression Test" tests="18" failures="0" errors="0" time="54.363" skipped="0" timestamp="2024-01-05 14:53:48" hostname="User - DESKTOP-NJRDPJK" id="Test Suites/TS_Collection Regression Test">
      <properties>
         <property name="deviceName" value=""/>
         <property name="devicePlatform" value=""/>
         <property name="logFolder" value="D:\\Test BNI\\Suhendar - BNI API Sample Test\\Suhendar-API Sample Test\\Reports\\20240105_145339\\TS_Collection Regression Test\\20240105_145339"/>
         <property name="logFiles" value="D:\\Test BNI\\Suhendar - BNI API Sample Test\\Suhendar-API Sample Test\\Reports\\20240105_145339\\TS_Collection Regression Test\\20240105_145339\\execution0.log"/>
         <property name="attachments" value=""/>
         <property name="hostName" value="User - DESKTOP-NJRDPJK"/>
         <property name="hostAddress" value="192.168.56.1"/>
         <property name="os" value="Windows 10 64bit"/>
         <property name="katalonVersion" value="8.6.0.208"/>
      </properties>
      <testcase name="Test Cases/Create User/Positive/TC1_Positive_Create User" time="11.491" classname="Test Cases/Create User/Positive/TC1_Positive_Create User" status="PASSED">
         <system-out><![CDATA[2024-01-05 14:53:49 - [TEST_CASE][PASSED] - Test Cases/Create User/Positive/TC1_Positive_Create User: Test Cases/Create User/Positive/TC1_Positive_Create User

2024-01-05 14:53:50 - [TEST_STEP][PASSED] - response = sendRequestAndVerify(findTestObject("Object Repository/Gorest/Create User/TC1_Positive_Create User")): Send request and verify the response successfully

2024-01-05 14:53:58 - [MESSAGE][INFO] - HAR: D:\Test BNI\Suhendar - BNI API Sample Test\Suhendar-API Sample Test\Reports\20240105_145339\TS_Collection Regression Test\20240105_145339\requests\main\0.har

2024-01-05 14:53:58 - [TEST_CASE][PASSED] - Start Test Case : Verification: Verification accomplished successfully

2024-01-05 14:53:59 - [TEST_STEP][PASSED] - request = getInstance().getCurrentRequest(): null

2024-01-05 14:53:59 - [TEST_STEP][PASSED] - response = getInstance().getCurrentResponse(): null

2024-01-05 14:53:59 - [MESSAGE][PASSED] - Verify response successfully

2024-01-05 14:53:59 - [MESSAGE][PASSED] - All validation steps have been passed

2024-01-05 14:53:59 - [MESSAGE][PASSED] - Send request and verify the response successfully

2024-01-05 14:53:59 - [TEST_STEP][PASSED] - verifyResponseStatusCode(response, 201, STOP_ON_FAILURE): Verify response status code successfully

2024-01-05 14:53:59 - [MESSAGE][PASSED] - Verify response status code successfully

2024-01-05 14:53:59 - [TEST_STEP][PASSED] - println(api_property.services.print_response_body(response)): api_property.services.print_response_body is PASSED

2024-01-05 14:53:59 - [MESSAGE][PASSED] - api_property.services.print_response_body is PASSED

2024-01-05 14:53:59 - [TEST_STEP][PASSED] - verifyElementPropertyValue(response, "name", "tonny"): Verify element property value successfully

2024-01-05 14:54:00 - [MESSAGE][PASSED] - Verify element property value successfully

2024-01-05 14:54:00 - [TEST_STEP][PASSED] - verifyElementPropertyValue(response, "gender", "male"): Verify element property value successfully

2024-01-05 14:54:00 - [MESSAGE][PASSED] - Verify element property value successfully

2024-01-05 14:54:00 - [TEST_STEP][PASSED] - verifyElementPropertyValue(response, "email", "tonny@mail.com"): Verify element property value successfully

2024-01-05 14:54:00 - [MESSAGE][PASSED] - Verify element property value successfully

2024-01-05 14:54:00 - [TEST_STEP][PASSED] - verifyElementPropertyValue(response, "status", "active"): Verify element property value successfully

2024-01-05 14:54:00 - [MESSAGE][PASSED] - Verify element property value successfully]]></system-out>
         <system-err><![CDATA[]]></system-err>
      </testcase>
      <testcase name="Test Cases/Create User/Negative/TC1_Negative_Create User" time="2.16" classname="Test Cases/Create User/Negative/TC1_Negative_Create User" status="PASSED">
         <system-out><![CDATA[2024-01-05 14:54:00 - [TEST_CASE][PASSED] - Test Cases/Create User/Negative/TC1_Negative_Create User: Test Cases/Create User/Negative/TC1_Negative_Create User

2024-01-05 14:54:01 - [TEST_STEP][PASSED] - response = sendRequestAndVerify(findTestObject("Object Repository/Gorest/Create User/TC1_Negative_Create User")): Send request and verify the response successfully

2024-01-05 14:54:02 - [MESSAGE][INFO] - HAR: D:\Test BNI\Suhendar - BNI API Sample Test\Suhendar-API Sample Test\Reports\20240105_145339\TS_Collection Regression Test\20240105_145339\requests\main\1.har

2024-01-05 14:54:02 - [TEST_CASE][PASSED] - Start Test Case : Verification: Verification accomplished successfully

2024-01-05 14:54:02 - [TEST_STEP][PASSED] - request = getInstance().getCurrentRequest(): null

2024-01-05 14:54:02 - [TEST_STEP][PASSED] - response = getInstance().getCurrentResponse(): null

2024-01-05 14:54:02 - [MESSAGE][PASSED] - Verify response successfully

2024-01-05 14:54:02 - [MESSAGE][PASSED] - All validation steps have been passed

2024-01-05 14:54:02 - [MESSAGE][PASSED] - Send request and verify the response successfully

2024-01-05 14:54:02 - [TEST_STEP][PASSED] - verifyResponseStatusCode(response, 422, STOP_ON_FAILURE): Verify response status code successfully

2024-01-05 14:54:02 - [MESSAGE][PASSED] - Verify response status code successfully

2024-01-05 14:54:02 - [TEST_STEP][PASSED] - jsonString = response.getResponseText(): null

2024-01-05 14:54:02 - [TEST_STEP][PASSED] - println(jsonString): null

2024-01-05 14:54:02 - [TEST_STEP][PASSED] - verifyEqual(jsonString, "[{"field":"email","message":"has already been taken"}]"): Actual object '[{"field":"email","message":"has already been taken"}]' and expected object '[{"field":"email","message":"has already been taken"}]' are equal

2024-01-05 14:54:02 - [MESSAGE][PASSED] - Actual object '[{"field":"email","message":"has already been taken"}]' and expected object '[{"field":"email","message":"has already been taken"}]' are equal]]></system-out>
         <system-err><![CDATA[]]></system-err>
      </testcase>
      <testcase name="Test Cases/Create User/Negative/TC2_Negative_Create User" time="2.247" classname="Test Cases/Create User/Negative/TC2_Negative_Create User" status="PASSED">
         <system-out><![CDATA[2024-01-05 14:54:02 - [TEST_CASE][PASSED] - Test Cases/Create User/Negative/TC2_Negative_Create User: Test Cases/Create User/Negative/TC2_Negative_Create User

2024-01-05 14:54:03 - [TEST_STEP][PASSED] - response = sendRequestAndVerify(findTestObject("Object Repository/Gorest/Create User/TC2_Negative_Create User")): Send request and verify the response successfully

2024-01-05 14:54:04 - [MESSAGE][INFO] - HAR: D:\Test BNI\Suhendar - BNI API Sample Test\Suhendar-API Sample Test\Reports\20240105_145339\TS_Collection Regression Test\20240105_145339\requests\main\2.har

2024-01-05 14:54:04 - [TEST_CASE][PASSED] - Start Test Case : Verification: Verification accomplished successfully

2024-01-05 14:54:05 - [TEST_STEP][PASSED] - request = getInstance().getCurrentRequest(): null

2024-01-05 14:54:05 - [TEST_STEP][PASSED] - response = getInstance().getCurrentResponse(): null

2024-01-05 14:54:05 - [MESSAGE][PASSED] - Verify response successfully

2024-01-05 14:54:05 - [MESSAGE][PASSED] - All validation steps have been passed

2024-01-05 14:54:05 - [MESSAGE][PASSED] - Send request and verify the response successfully

2024-01-05 14:54:05 - [TEST_STEP][PASSED] - verifyResponseStatusCode(response, 422, STOP_ON_FAILURE): Verify response status code successfully

2024-01-05 14:54:05 - [MESSAGE][PASSED] - Verify response status code successfully

2024-01-05 14:54:05 - [TEST_STEP][PASSED] - jsonString = response.getResponseText(): null

2024-01-05 14:54:05 - [TEST_STEP][PASSED] - println(jsonString): null

2024-01-05 14:54:05 - [TEST_STEP][PASSED] - verifyEqual(jsonString, "[{"field":"email","message":"is invalid"}]"): Actual object '[{"field":"email","message":"is invalid"}]' and expected object '[{"field":"email","message":"is invalid"}]' are equal

2024-01-05 14:54:05 - [MESSAGE][PASSED] - Actual object '[{"field":"email","message":"is invalid"}]' and expected object '[{"field":"email","message":"is invalid"}]' are equal]]></system-out>
         <system-err><![CDATA[]]></system-err>
      </testcase>
      <testcase name="Test Cases/Create User/Negative/TC3_Negative_Create User" time="2.728" classname="Test Cases/Create User/Negative/TC3_Negative_Create User" status="PASSED">
         <system-out><![CDATA[2024-01-05 14:54:05 - [TEST_CASE][PASSED] - Test Cases/Create User/Negative/TC3_Negative_Create User: Test Cases/Create User/Negative/TC3_Negative_Create User

2024-01-05 14:54:06 - [TEST_STEP][PASSED] - response = sendRequestAndVerify(findTestObject("Object Repository/Gorest/Create User/TC3_Negative_Create User")): Send request and verify the response successfully

2024-01-05 14:54:07 - [MESSAGE][INFO] - HAR: D:\Test BNI\Suhendar - BNI API Sample Test\Suhendar-API Sample Test\Reports\20240105_145339\TS_Collection Regression Test\20240105_145339\requests\main\3.har

2024-01-05 14:54:07 - [TEST_CASE][PASSED] - Start Test Case : Verification: Verification accomplished successfully

2024-01-05 14:54:07 - [TEST_STEP][PASSED] - request = getInstance().getCurrentRequest(): null

2024-01-05 14:54:07 - [TEST_STEP][PASSED] - response = getInstance().getCurrentResponse(): null

2024-01-05 14:54:07 - [MESSAGE][PASSED] - Verify response successfully

2024-01-05 14:54:07 - [MESSAGE][PASSED] - All validation steps have been passed

2024-01-05 14:54:07 - [MESSAGE][PASSED] - Send request and verify the response successfully

2024-01-05 14:54:07 - [TEST_STEP][PASSED] - verifyResponseStatusCode(response, 422, STOP_ON_FAILURE): Verify response status code successfully

2024-01-05 14:54:07 - [MESSAGE][PASSED] - Verify response status code successfully

2024-01-05 14:54:07 - [TEST_STEP][PASSED] - jsonString = response.getResponseText(): null

2024-01-05 14:54:07 - [TEST_STEP][PASSED] - println("'" + jsonString + "'"): null

2024-01-05 14:54:07 - [TEST_STEP][PASSED] - verifyEqual(jsonString, "[{"field":"name","message":"can't be blank"}]"): Actual object '[{"field":"name","message":"can't be blank"}]' and expected object '[{"field":"name","message":"can't be blank"}]' are equal

2024-01-05 14:54:07 - [MESSAGE][PASSED] - Actual object '[{"field":"name","message":"can't be blank"}]' and expected object '[{"field":"name","message":"can't be blank"}]' are equal]]></system-out>
         <system-err><![CDATA[]]></system-err>
      </testcase>
      <testcase name="Test Cases/Create User/Negative/TC4_Negative_Create User" time="2.833" classname="Test Cases/Create User/Negative/TC4_Negative_Create User" status="PASSED">
         <system-out><![CDATA[2024-01-05 14:54:07 - [TEST_CASE][PASSED] - Test Cases/Create User/Negative/TC4_Negative_Create User: Test Cases/Create User/Negative/TC4_Negative_Create User

2024-01-05 14:54:08 - [TEST_STEP][PASSED] - response = sendRequestAndVerify(findTestObject("Object Repository/Gorest/Create User/TC4_Negative_Create User")): Send request and verify the response successfully

2024-01-05 14:54:09 - [MESSAGE][INFO] - HAR: D:\Test BNI\Suhendar - BNI API Sample Test\Suhendar-API Sample Test\Reports\20240105_145339\TS_Collection Regression Test\20240105_145339\requests\main\4.har

2024-01-05 14:54:09 - [TEST_CASE][PASSED] - Start Test Case : Verification: Verification accomplished successfully

2024-01-05 14:54:10 - [TEST_STEP][PASSED] - request = getInstance().getCurrentRequest(): null

2024-01-05 14:54:10 - [TEST_STEP][PASSED] - response = getInstance().getCurrentResponse(): null

2024-01-05 14:54:10 - [MESSAGE][PASSED] - Verify response successfully

2024-01-05 14:54:10 - [MESSAGE][PASSED] - All validation steps have been passed

2024-01-05 14:54:10 - [MESSAGE][PASSED] - Send request and verify the response successfully

2024-01-05 14:54:10 - [TEST_STEP][PASSED] - verifyResponseStatusCode(response, 422, STOP_ON_FAILURE): Verify response status code successfully

2024-01-05 14:54:10 - [MESSAGE][PASSED] - Verify response status code successfully

2024-01-05 14:54:10 - [TEST_STEP][PASSED] - jsonString = response.getResponseText(): null

2024-01-05 14:54:10 - [TEST_STEP][PASSED] - println("'" + jsonString + "'"): null

2024-01-05 14:54:10 - [TEST_STEP][PASSED] - verifyEqual(jsonString, "[{"field":"gender","message":"can't be blank, can be male of female"}]"): Actual object '[{"field":"gender","message":"can't be blank, can be male of female"}]' and expected object '[{"field":"gender","message":"can't be blank, can be male of female"}]' are equal

2024-01-05 14:54:10 - [MESSAGE][PASSED] - Actual object '[{"field":"gender","message":"can't be blank, can be male of female"}]' and expected object '[{"field":"gender","message":"can't be blank, can be male of female"}]' are equal]]></system-out>
         <system-err><![CDATA[]]></system-err>
      </testcase>
      <testcase name="Test Cases/Create User/Negative/TC5_Negative_Create User" time="2.66" classname="Test Cases/Create User/Negative/TC5_Negative_Create User" status="PASSED">
         <system-out><![CDATA[2024-01-05 14:54:10 - [TEST_CASE][PASSED] - Test Cases/Create User/Negative/TC5_Negative_Create User: Test Cases/Create User/Negative/TC5_Negative_Create User

2024-01-05 14:54:11 - [TEST_STEP][PASSED] - response = sendRequestAndVerify(findTestObject("Object Repository/Gorest/Create User/TC5_Negative_Create User")): Send request and verify the response successfully

2024-01-05 14:54:12 - [MESSAGE][INFO] - HAR: D:\Test BNI\Suhendar - BNI API Sample Test\Suhendar-API Sample Test\Reports\20240105_145339\TS_Collection Regression Test\20240105_145339\requests\main\5.har

2024-01-05 14:54:12 - [TEST_CASE][PASSED] - Start Test Case : Verification: Verification accomplished successfully

2024-01-05 14:54:13 - [TEST_STEP][PASSED] - request = getInstance().getCurrentRequest(): null

2024-01-05 14:54:13 - [TEST_STEP][PASSED] - response = getInstance().getCurrentResponse(): null

2024-01-05 14:54:13 - [MESSAGE][PASSED] - Verify response successfully

2024-01-05 14:54:13 - [MESSAGE][PASSED] - All validation steps have been passed

2024-01-05 14:54:13 - [MESSAGE][PASSED] - Send request and verify the response successfully

2024-01-05 14:54:13 - [TEST_STEP][PASSED] - verifyResponseStatusCode(response, 422, STOP_ON_FAILURE): Verify response status code successfully

2024-01-05 14:54:13 - [MESSAGE][PASSED] - Verify response status code successfully

2024-01-05 14:54:13 - [TEST_STEP][PASSED] - jsonString = response.getResponseText(): null

2024-01-05 14:54:13 - [TEST_STEP][PASSED] - println("'" + jsonString + "'"): null

2024-01-05 14:54:13 - [TEST_STEP][PASSED] - verifyEqual(jsonString, "[{"field":"email","message":"can't be blank"}]"): Actual object '[{"field":"email","message":"can't be blank"}]' and expected object '[{"field":"email","message":"can't be blank"}]' are equal

2024-01-05 14:54:13 - [MESSAGE][PASSED] - Actual object '[{"field":"email","message":"can't be blank"}]' and expected object '[{"field":"email","message":"can't be blank"}]' are equal]]></system-out>
         <system-err><![CDATA[]]></system-err>
      </testcase>
      <testcase name="Test Cases/Create User/Negative/TC6_Negative_Create User" time="2.304" classname="Test Cases/Create User/Negative/TC6_Negative_Create User" status="PASSED">
         <system-out><![CDATA[2024-01-05 14:54:13 - [TEST_CASE][PASSED] - Test Cases/Create User/Negative/TC6_Negative_Create User: Test Cases/Create User/Negative/TC6_Negative_Create User

2024-01-05 14:54:14 - [TEST_STEP][PASSED] - response = sendRequestAndVerify(findTestObject("Object Repository/Gorest/Create User/TC6_Negative_Create User")): Send request and verify the response successfully

2024-01-05 14:54:15 - [MESSAGE][INFO] - HAR: D:\Test BNI\Suhendar - BNI API Sample Test\Suhendar-API Sample Test\Reports\20240105_145339\TS_Collection Regression Test\20240105_145339\requests\main\6.har

2024-01-05 14:54:15 - [TEST_CASE][PASSED] - Start Test Case : Verification: Verification accomplished successfully

2024-01-05 14:54:15 - [TEST_STEP][PASSED] - request = getInstance().getCurrentRequest(): null

2024-01-05 14:54:15 - [TEST_STEP][PASSED] - response = getInstance().getCurrentResponse(): null

2024-01-05 14:54:15 - [MESSAGE][PASSED] - Verify response successfully

2024-01-05 14:54:15 - [MESSAGE][PASSED] - All validation steps have been passed

2024-01-05 14:54:15 - [MESSAGE][PASSED] - Send request and verify the response successfully

2024-01-05 14:54:15 - [TEST_STEP][PASSED] - verifyResponseStatusCode(response, 422, STOP_ON_FAILURE): Verify response status code successfully

2024-01-05 14:54:15 - [MESSAGE][PASSED] - Verify response status code successfully

2024-01-05 14:54:15 - [TEST_STEP][PASSED] - jsonString = response.getResponseText(): null

2024-01-05 14:54:15 - [TEST_STEP][PASSED] - println("'" + jsonString + "'"): null

2024-01-05 14:54:15 - [TEST_STEP][PASSED] - verifyEqual(jsonString, "[{"field":"status","message":"can't be blank"}]"): Actual object '[{"field":"status","message":"can't be blank"}]' and expected object '[{"field":"status","message":"can't be blank"}]' are equal

2024-01-05 14:54:15 - [MESSAGE][PASSED] - Actual object '[{"field":"status","message":"can't be blank"}]' and expected object '[{"field":"status","message":"can't be blank"}]' are equal]]></system-out>
         <system-err><![CDATA[]]></system-err>
      </testcase>
      <testcase name="Test Cases/Create User/Negative/TC7_Negative_Create User" time="2.401" classname="Test Cases/Create User/Negative/TC7_Negative_Create User" status="PASSED">
         <system-out><![CDATA[2024-01-05 14:54:15 - [TEST_CASE][PASSED] - Test Cases/Create User/Negative/TC7_Negative_Create User: Test Cases/Create User/Negative/TC7_Negative_Create User

2024-01-05 14:54:16 - [TEST_STEP][PASSED] - response = sendRequestAndVerify(findTestObject("Object Repository/Gorest/Create User/TC7_Negative_Create User")): Send request and verify the response successfully

2024-01-05 14:54:17 - [MESSAGE][INFO] - HAR: D:\Test BNI\Suhendar - BNI API Sample Test\Suhendar-API Sample Test\Reports\20240105_145339\TS_Collection Regression Test\20240105_145339\requests\main\7.har

2024-01-05 14:54:17 - [TEST_CASE][PASSED] - Start Test Case : Verification: Verification accomplished successfully

2024-01-05 14:54:18 - [TEST_STEP][PASSED] - request = getInstance().getCurrentRequest(): null

2024-01-05 14:54:18 - [TEST_STEP][PASSED] - response = getInstance().getCurrentResponse(): null

2024-01-05 14:54:18 - [MESSAGE][PASSED] - Verify response successfully

2024-01-05 14:54:18 - [MESSAGE][PASSED] - All validation steps have been passed

2024-01-05 14:54:18 - [MESSAGE][PASSED] - Send request and verify the response successfully

2024-01-05 14:54:18 - [TEST_STEP][PASSED] - verifyResponseStatusCode(response, 422, STOP_ON_FAILURE): Verify response status code successfully

2024-01-05 14:54:18 - [MESSAGE][PASSED] - Verify response status code successfully

2024-01-05 14:54:18 - [TEST_STEP][PASSED] - jsonString = response.getResponseText(): null

2024-01-05 14:54:18 - [TEST_STEP][PASSED] - println("'" + jsonString + "'"): null

2024-01-05 14:54:18 - [TEST_STEP][PASSED] - verifyEqual(jsonString, "[{"field":"email","message":"can't be blank"},{"field":"name","message":"can't be blank"},{"field":"gender","message":"can't be blank, can be male of female"},{"field":"status","message":"can't be blank"}]"): Actual object '[{"field":"email","message":"can't be blank"},{"field":"name","message":"can't be blank"},{"field":"gender","message":"can't be blank, can be male of female"},{"field":"status","message":"can't be blank"}]' and expected object '[{"field":"email","message":"can't be blank"},{"field":"name","message":"can't be blank"},{"field":"gender","message":"can't be blank, can be male of female"},{"field":"status","message":"can't be blank"}]' are equal

2024-01-05 14:54:18 - [MESSAGE][PASSED] - Actual object '[{"field":"email","message":"can't be blank"},{"field":"name","message":"can't be blank"},{"field":"gender","message":"can't be blank, can be male of female"},{"field":"status","message":"can't be blank"}]' and expected object '[{"field":"email","message":"can't be blank"},{"field":"name","message":"can't be blank"},{"field":"gender","message":"can't be blank, can be male of female"},{"field":"status","message":"can't be blank"}]' are equal]]></system-out>
         <system-err><![CDATA[]]></system-err>
      </testcase>
      <testcase name="Test Cases/Create User/Negative/TC8_Negative_Create User" time="2.86" classname="Test Cases/Create User/Negative/TC8_Negative_Create User" status="PASSED">
         <system-out><![CDATA[2024-01-05 14:54:18 - [TEST_CASE][PASSED] - Test Cases/Create User/Negative/TC8_Negative_Create User: Test Cases/Create User/Negative/TC8_Negative_Create User

2024-01-05 14:54:19 - [TEST_STEP][PASSED] - response = sendRequestAndVerify(findTestObject("Object Repository/Gorest/Create User/TC8_Negative_Create User")): Send request and verify the response successfully

2024-01-05 14:54:20 - [MESSAGE][INFO] - HAR: D:\Test BNI\Suhendar - BNI API Sample Test\Suhendar-API Sample Test\Reports\20240105_145339\TS_Collection Regression Test\20240105_145339\requests\main\8.har

2024-01-05 14:54:20 - [TEST_CASE][PASSED] - Start Test Case : Verification: Verification accomplished successfully

2024-01-05 14:54:20 - [TEST_STEP][PASSED] - request = getInstance().getCurrentRequest(): null

2024-01-05 14:54:20 - [TEST_STEP][PASSED] - response = getInstance().getCurrentResponse(): null

2024-01-05 14:54:20 - [MESSAGE][PASSED] - Verify response successfully

2024-01-05 14:54:20 - [MESSAGE][PASSED] - All validation steps have been passed

2024-01-05 14:54:20 - [MESSAGE][PASSED] - Send request and verify the response successfully

2024-01-05 14:54:20 - [TEST_STEP][PASSED] - verifyResponseStatusCode(response, 422, STOP_ON_FAILURE): Verify response status code successfully

2024-01-05 14:54:20 - [MESSAGE][PASSED] - Verify response status code successfully

2024-01-05 14:54:20 - [TEST_STEP][PASSED] - jsonString = response.getResponseText(): null

2024-01-05 14:54:20 - [TEST_STEP][PASSED] - println("'" + jsonString + "'"): null

2024-01-05 14:54:20 - [TEST_STEP][PASSED] - verifyEqual(jsonString, "[{"field":"gender","message":"can't be blank, can be male of female"}]"): Actual object '[{"field":"gender","message":"can't be blank, can be male of female"}]' and expected object '[{"field":"gender","message":"can't be blank, can be male of female"}]' are equal

2024-01-05 14:54:20 - [MESSAGE][PASSED] - Actual object '[{"field":"gender","message":"can't be blank, can be male of female"}]' and expected object '[{"field":"gender","message":"can't be blank, can be male of female"}]' are equal]]></system-out>
         <system-err><![CDATA[]]></system-err>
      </testcase>
      <testcase name="Test Cases/Create User/Negative/TC9_Negative_Create User" time="2.373" classname="Test Cases/Create User/Negative/TC9_Negative_Create User" status="PASSED">
         <system-out><![CDATA[2024-01-05 14:54:20 - [TEST_CASE][PASSED] - Test Cases/Create User/Negative/TC9_Negative_Create User: Test Cases/Create User/Negative/TC9_Negative_Create User

2024-01-05 14:54:22 - [TEST_STEP][PASSED] - response = sendRequestAndVerify(findTestObject("Object Repository/Gorest/Create User/TC9_Negative_Create User")): Send request and verify the response successfully

2024-01-05 14:54:22 - [MESSAGE][INFO] - HAR: D:\Test BNI\Suhendar - BNI API Sample Test\Suhendar-API Sample Test\Reports\20240105_145339\TS_Collection Regression Test\20240105_145339\requests\main\9.har

2024-01-05 14:54:22 - [TEST_CASE][PASSED] - Start Test Case : Verification: Verification accomplished successfully

2024-01-05 14:54:23 - [TEST_STEP][PASSED] - request = getInstance().getCurrentRequest(): null

2024-01-05 14:54:23 - [TEST_STEP][PASSED] - response = getInstance().getCurrentResponse(): null

2024-01-05 14:54:23 - [MESSAGE][PASSED] - Verify response successfully

2024-01-05 14:54:23 - [MESSAGE][PASSED] - All validation steps have been passed

2024-01-05 14:54:23 - [MESSAGE][PASSED] - Send request and verify the response successfully

2024-01-05 14:54:23 - [TEST_STEP][PASSED] - verifyResponseStatusCode(response, 422, STOP_ON_FAILURE): Verify response status code successfully

2024-01-05 14:54:23 - [MESSAGE][PASSED] - Verify response status code successfully

2024-01-05 14:54:23 - [TEST_STEP][PASSED] - jsonString = response.getResponseText(): null

2024-01-05 14:54:23 - [TEST_STEP][PASSED] - println("'" + jsonString + "'"): null

2024-01-05 14:54:23 - [TEST_STEP][PASSED] - verifyEqual(jsonString, "[{"field":"status","message":"can't be blank"}]"): Actual object '[{"field":"status","message":"can't be blank"}]' and expected object '[{"field":"status","message":"can't be blank"}]' are equal

2024-01-05 14:54:23 - [MESSAGE][PASSED] - Actual object '[{"field":"status","message":"can't be blank"}]' and expected object '[{"field":"status","message":"can't be blank"}]' are equal]]></system-out>
         <system-err><![CDATA[]]></system-err>
      </testcase>
      <testcase name="Test Cases/Create User/Negative/TC_10_Negative_Create User" time="1.971" classname="Test Cases/Create User/Negative/TC_10_Negative_Create User" status="PASSED">
         <system-out><![CDATA[2024-01-05 14:54:23 - [TEST_CASE][PASSED] - Test Cases/Create User/Negative/TC_10_Negative_Create User: Test Cases/Create User/Negative/TC_10_Negative_Create User

2024-01-05 14:54:24 - [TEST_STEP][PASSED] - response = sendRequestAndVerify(findTestObject("Object Repository/Gorest/Create User/TC10_Negative_Create User")): Send request and verify the response successfully

2024-01-05 14:54:24 - [MESSAGE][INFO] - HAR: D:\Test BNI\Suhendar - BNI API Sample Test\Suhendar-API Sample Test\Reports\20240105_145339\TS_Collection Regression Test\20240105_145339\requests\main\10.har

2024-01-05 14:54:25 - [TEST_CASE][PASSED] - Start Test Case : Verification: Verification accomplished successfully

2024-01-05 14:54:25 - [TEST_STEP][PASSED] - request = getInstance().getCurrentRequest(): null

2024-01-05 14:54:25 - [TEST_STEP][PASSED] - response = getInstance().getCurrentResponse(): null

2024-01-05 14:54:25 - [MESSAGE][PASSED] - Verify response successfully

2024-01-05 14:54:25 - [MESSAGE][PASSED] - All validation steps have been passed

2024-01-05 14:54:25 - [MESSAGE][PASSED] - Send request and verify the response successfully

2024-01-05 14:54:25 - [TEST_STEP][PASSED] - verifyResponseStatusCode(response, 401, STOP_ON_FAILURE): Verify response status code successfully

2024-01-05 14:54:25 - [MESSAGE][PASSED] - Verify response status code successfully

2024-01-05 14:54:25 - [TEST_STEP][PASSED] - jsonString = response.getResponseText(): null

2024-01-05 14:54:25 - [TEST_STEP][PASSED] - println(jsonString): null

2024-01-05 14:54:25 - [TEST_STEP][PASSED] - verifyEqual(jsonString, "{"message":"Invalid token"}"): Actual object '{"message":"Invalid token"}' and expected object '{"message":"Invalid token"}' are equal

2024-01-05 14:54:25 - [MESSAGE][PASSED] - Actual object '{"message":"Invalid token"}' and expected object '{"message":"Invalid token"}' are equal]]></system-out>
         <system-err><![CDATA[]]></system-err>
      </testcase>
      <testcase name="Test Cases/Read User Detail/Positive/TC1_Positive_Read User Detail" time="3.302" classname="Test Cases/Read User Detail/Positive/TC1_Positive_Read User Detail" status="PASSED">
         <system-out><![CDATA[2024-01-05 14:54:25 - [TEST_CASE][PASSED] - Test Cases/Read User Detail/Positive/TC1_Positive_Read User Detail: Test Cases/Read User Detail/Positive/TC1_Positive_Read User Detail

2024-01-05 14:54:26 - [TEST_STEP][PASSED] - response = sendRequestAndVerify(findTestObject("Object Repository/Gorest/Read User Detail/TC1_Positive_Read User Detail")): Send request and verify the response successfully

2024-01-05 14:54:27 - [MESSAGE][INFO] - HAR: D:\Test BNI\Suhendar - BNI API Sample Test\Suhendar-API Sample Test\Reports\20240105_145339\TS_Collection Regression Test\20240105_145339\requests\main\11.har

2024-01-05 14:54:28 - [TEST_CASE][PASSED] - Start Test Case : Verification: Verification accomplished successfully

2024-01-05 14:54:28 - [TEST_STEP][PASSED] - request = getInstance().getCurrentRequest(): null

2024-01-05 14:54:28 - [TEST_STEP][PASSED] - response = getInstance().getCurrentResponse(): null

2024-01-05 14:54:28 - [MESSAGE][PASSED] - Verify response successfully

2024-01-05 14:54:28 - [MESSAGE][PASSED] - All validation steps have been passed

2024-01-05 14:54:28 - [MESSAGE][PASSED] - Send request and verify the response successfully

2024-01-05 14:54:28 - [TEST_STEP][PASSED] - verifyResponseStatusCode(response, 200, STOP_ON_FAILURE): Verify response status code successfully

2024-01-05 14:54:28 - [MESSAGE][PASSED] - Verify response status code successfully

2024-01-05 14:54:28 - [TEST_STEP][PASSED] - println(api_property.services.print_response_body(response)): api_property.services.print_response_body is PASSED

2024-01-05 14:54:28 - [MESSAGE][PASSED] - api_property.services.print_response_body is PASSED

2024-01-05 14:54:28 - [TEST_STEP][PASSED] - verifyElementPropertyValue(response, "id", "5892652"): Verify element property value successfully

2024-01-05 14:54:28 - [MESSAGE][PASSED] - Verify element property value successfully

2024-01-05 14:54:28 - [TEST_STEP][PASSED] - verifyElementPropertyValue(response, "name", "ibnu musa"): Verify element property value successfully

2024-01-05 14:54:28 - [MESSAGE][PASSED] - Verify element property value successfully

2024-01-05 14:54:28 - [TEST_STEP][PASSED] - verifyElementPropertyValue(response, "gender", "male"): Verify element property value successfully

2024-01-05 14:54:28 - [MESSAGE][PASSED] - Verify element property value successfully

2024-01-05 14:54:28 - [TEST_STEP][PASSED] - verifyElementPropertyValue(response, "email", "ibnu@mail.com"): Verify element property value successfully

2024-01-05 14:54:28 - [MESSAGE][PASSED] - Verify element property value successfully

2024-01-05 14:54:28 - [TEST_STEP][PASSED] - verifyElementPropertyValue(response, "status", "active"): Verify element property value successfully

2024-01-05 14:54:28 - [MESSAGE][PASSED] - Verify element property value successfully]]></system-out>
         <system-err><![CDATA[]]></system-err>
      </testcase>
      <testcase name="Test Cases/Read User Detail/Negative/TC1_Negative_Read User Detail" time="2.283" classname="Test Cases/Read User Detail/Negative/TC1_Negative_Read User Detail" status="PASSED">
         <system-out><![CDATA[2024-01-05 14:54:28 - [TEST_CASE][PASSED] - Test Cases/Read User Detail/Negative/TC1_Negative_Read User Detail: Test Cases/Read User Detail/Negative/TC1_Negative_Read User Detail

2024-01-05 14:54:29 - [TEST_STEP][PASSED] - response = sendRequestAndVerify(findTestObject("Gorest/Read User Detail/TC1_Negative_Read User Detail")): Send request and verify the response successfully

2024-01-05 14:54:30 - [MESSAGE][INFO] - HAR: D:\Test BNI\Suhendar - BNI API Sample Test\Suhendar-API Sample Test\Reports\20240105_145339\TS_Collection Regression Test\20240105_145339\requests\main\12.har

2024-01-05 14:54:30 - [TEST_CASE][PASSED] - Start Test Case : Verification: Verification accomplished successfully

2024-01-05 14:54:30 - [TEST_STEP][PASSED] - request = getInstance().getCurrentRequest(): null

2024-01-05 14:54:30 - [TEST_STEP][PASSED] - response = getInstance().getCurrentResponse(): null

2024-01-05 14:54:30 - [MESSAGE][PASSED] - Verify response successfully

2024-01-05 14:54:30 - [MESSAGE][PASSED] - All validation steps have been passed

2024-01-05 14:54:30 - [MESSAGE][PASSED] - Send request and verify the response successfully

2024-01-05 14:54:30 - [TEST_STEP][PASSED] - verifyResponseStatusCode(response, 404, STOP_ON_FAILURE): Verify response status code successfully

2024-01-05 14:54:30 - [MESSAGE][PASSED] - Verify response status code successfully

2024-01-05 14:54:30 - [TEST_STEP][PASSED] - jsonString = response.getResponseText(): null

2024-01-05 14:54:30 - [TEST_STEP][PASSED] - println(jsonString): null

2024-01-05 14:54:30 - [TEST_STEP][PASSED] - verifyEqual(jsonString, "{"message":"Resource not found"}"): Actual object '{"message":"Resource not found"}' and expected object '{"message":"Resource not found"}' are equal

2024-01-05 14:54:30 - [MESSAGE][PASSED] - Actual object '{"message":"Resource not found"}' and expected object '{"message":"Resource not found"}' are equal]]></system-out>
         <system-err><![CDATA[]]></system-err>
      </testcase>
      <testcase name="Test Cases/Read User Detail/Negative/TC2_Negative_Read User Detail" time="2.253" classname="Test Cases/Read User Detail/Negative/TC2_Negative_Read User Detail" status="PASSED">
         <system-out><![CDATA[2024-01-05 14:54:30 - [TEST_CASE][PASSED] - Test Cases/Read User Detail/Negative/TC2_Negative_Read User Detail: Test Cases/Read User Detail/Negative/TC2_Negative_Read User Detail

2024-01-05 14:54:31 - [TEST_STEP][PASSED] - response = sendRequestAndVerify(findTestObject("Object Repository/Gorest/Read User Detail/TC2_Negative_Read User Detail")): Send request and verify the response successfully

2024-01-05 14:54:32 - [MESSAGE][INFO] - HAR: D:\Test BNI\Suhendar - BNI API Sample Test\Suhendar-API Sample Test\Reports\20240105_145339\TS_Collection Regression Test\20240105_145339\requests\main\13.har

2024-01-05 14:54:32 - [TEST_CASE][PASSED] - Start Test Case : Verification: Verification accomplished successfully

2024-01-05 14:54:33 - [TEST_STEP][PASSED] - request = getInstance().getCurrentRequest(): null

2024-01-05 14:54:33 - [TEST_STEP][PASSED] - response = getInstance().getCurrentResponse(): null

2024-01-05 14:54:33 - [MESSAGE][PASSED] - Verify response successfully

2024-01-05 14:54:33 - [MESSAGE][PASSED] - All validation steps have been passed

2024-01-05 14:54:33 - [MESSAGE][PASSED] - Send request and verify the response successfully

2024-01-05 14:54:33 - [TEST_STEP][PASSED] - verifyResponseStatusCode(response, 401, STOP_ON_FAILURE): Verify response status code successfully

2024-01-05 14:54:33 - [MESSAGE][PASSED] - Verify response status code successfully

2024-01-05 14:54:33 - [TEST_STEP][PASSED] - jsonString = response.getResponseText(): null

2024-01-05 14:54:33 - [TEST_STEP][PASSED] - println(jsonString): null

2024-01-05 14:54:33 - [TEST_STEP][PASSED] - verifyEqual(jsonString, "{"message":"Invalid token"}"): Actual object '{"message":"Invalid token"}' and expected object '{"message":"Invalid token"}' are equal

2024-01-05 14:54:33 - [MESSAGE][PASSED] - Actual object '{"message":"Invalid token"}' and expected object '{"message":"Invalid token"}' are equal]]></system-out>
         <system-err><![CDATA[]]></system-err>
      </testcase>
      <testcase name="Test Cases/Update User/Positive/TC1_Positive_Update User Data" time="2.87" classname="Test Cases/Update User/Positive/TC1_Positive_Update User Data" status="PASSED">
         <system-out><![CDATA[2024-01-05 14:54:33 - [TEST_CASE][PASSED] - Test Cases/Update User/Positive/TC1_Positive_Update User Data: Test Cases/Update User/Positive/TC1_Positive_Update User Data

2024-01-05 14:54:34 - [TEST_STEP][PASSED] - response = sendRequestAndVerify(findTestObject("Object Repository/Gorest/Update User/TC1_Positive_Update User Data")): Send request and verify the response successfully

2024-01-05 14:54:35 - [MESSAGE][INFO] - HAR: D:\Test BNI\Suhendar - BNI API Sample Test\Suhendar-API Sample Test\Reports\20240105_145339\TS_Collection Regression Test\20240105_145339\requests\main\14.har

2024-01-05 14:54:35 - [TEST_CASE][PASSED] - Start Test Case : Verification: Verification accomplished successfully

2024-01-05 14:54:35 - [TEST_STEP][PASSED] - request = getInstance().getCurrentRequest(): null

2024-01-05 14:54:35 - [TEST_STEP][PASSED] - response = getInstance().getCurrentResponse(): null

2024-01-05 14:54:35 - [MESSAGE][PASSED] - Verify response successfully

2024-01-05 14:54:35 - [MESSAGE][PASSED] - All validation steps have been passed

2024-01-05 14:54:35 - [MESSAGE][PASSED] - Send request and verify the response successfully

2024-01-05 14:54:35 - [TEST_STEP][PASSED] - verifyResponseStatusCode(response, 200, STOP_ON_FAILURE): Verify response status code successfully

2024-01-05 14:54:35 - [MESSAGE][PASSED] - Verify response status code successfully

2024-01-05 14:54:35 - [TEST_STEP][PASSED] - println(api_property.services.print_response_body(response)): api_property.services.print_response_body is PASSED

2024-01-05 14:54:35 - [MESSAGE][PASSED] - api_property.services.print_response_body is PASSED

2024-01-05 14:54:35 - [TEST_STEP][PASSED] - verifyElementPropertyValue(response, "id", "5894041"): Verify element property value successfully

2024-01-05 14:54:35 - [MESSAGE][PASSED] - Verify element property value successfully

2024-01-05 14:54:35 - [TEST_STEP][PASSED] - verifyElementPropertyValue(response, "name", "Tonny Stark"): Verify element property value successfully

2024-01-05 14:54:35 - [MESSAGE][PASSED] - Verify element property value successfully

2024-01-05 14:54:35 - [TEST_STEP][PASSED] - verifyElementPropertyValue(response, "gender", "male"): Verify element property value successfully

2024-01-05 14:54:35 - [MESSAGE][PASSED] - Verify element property value successfully

2024-01-05 14:54:35 - [TEST_STEP][PASSED] - verifyElementPropertyValue(response, "email", "Tonnystark@gmail.com"): Verify element property value successfully

2024-01-05 14:54:35 - [MESSAGE][PASSED] - Verify element property value successfully

2024-01-05 14:54:35 - [TEST_STEP][PASSED] - verifyElementPropertyValue(response, "status", "active"): Verify element property value successfully

2024-01-05 14:54:36 - [MESSAGE][PASSED] - Verify element property value successfully]]></system-out>
         <system-err><![CDATA[]]></system-err>
      </testcase>
      <testcase name="Test Cases/Update User/Negative/TC1_Negative_Update User Data" time="1.956" classname="Test Cases/Update User/Negative/TC1_Negative_Update User Data" status="PASSED">
         <system-out><![CDATA[2024-01-05 14:54:36 - [TEST_CASE][PASSED] - Test Cases/Update User/Negative/TC1_Negative_Update User Data: Test Cases/Update User/Negative/TC1_Negative_Update User Data

2024-01-05 14:54:36 - [TEST_STEP][PASSED] - response = sendRequestAndVerify(findTestObject("Object Repository/Gorest/Update User/TC1_Negative_Update User Data")): Send request and verify the response successfully

2024-01-05 14:54:37 - [MESSAGE][INFO] - HAR: D:\Test BNI\Suhendar - BNI API Sample Test\Suhendar-API Sample Test\Reports\20240105_145339\TS_Collection Regression Test\20240105_145339\requests\main\15.har

2024-01-05 14:54:37 - [TEST_CASE][PASSED] - Start Test Case : Verification: Verification accomplished successfully

2024-01-05 14:54:38 - [TEST_STEP][PASSED] - request = getInstance().getCurrentRequest(): null

2024-01-05 14:54:38 - [TEST_STEP][PASSED] - response = getInstance().getCurrentResponse(): null

2024-01-05 14:54:38 - [MESSAGE][PASSED] - Verify response successfully

2024-01-05 14:54:38 - [MESSAGE][PASSED] - All validation steps have been passed

2024-01-05 14:54:38 - [MESSAGE][PASSED] - Send request and verify the response successfully

2024-01-05 14:54:38 - [TEST_STEP][PASSED] - verifyResponseStatusCode(response, 404, STOP_ON_FAILURE): Verify response status code successfully

2024-01-05 14:54:38 - [MESSAGE][PASSED] - Verify response status code successfully

2024-01-05 14:54:38 - [TEST_STEP][PASSED] - jsonString = response.getResponseText(): null

2024-01-05 14:54:38 - [TEST_STEP][PASSED] - println(jsonString): null

2024-01-05 14:54:38 - [TEST_STEP][PASSED] - verifyEqual(jsonString, "{"message":"Resource not found"}"): Actual object '{"message":"Resource not found"}' and expected object '{"message":"Resource not found"}' are equal

2024-01-05 14:54:38 - [MESSAGE][PASSED] - Actual object '{"message":"Resource not found"}' and expected object '{"message":"Resource not found"}' are equal]]></system-out>
         <system-err><![CDATA[]]></system-err>
      </testcase>
      <testcase name="Test Cases/Update User/Negative/TC2_Negative_Update User Data" time="2.191" classname="Test Cases/Update User/Negative/TC2_Negative_Update User Data" status="PASSED">
         <system-out><![CDATA[2024-01-05 14:54:38 - [TEST_CASE][PASSED] - Test Cases/Update User/Negative/TC2_Negative_Update User Data: Test Cases/Update User/Negative/TC2_Negative_Update User Data

2024-01-05 14:54:38 - [TEST_STEP][PASSED] - response = sendRequestAndVerify(findTestObject("Object Repository/Gorest/Update User/TC2_Negative_Update User Data")): Send request and verify the response successfully

2024-01-05 14:54:39 - [MESSAGE][INFO] - HAR: D:\Test BNI\Suhendar - BNI API Sample Test\Suhendar-API Sample Test\Reports\20240105_145339\TS_Collection Regression Test\20240105_145339\requests\main\16.har

2024-01-05 14:54:39 - [TEST_CASE][PASSED] - Start Test Case : Verification: Verification accomplished successfully

2024-01-05 14:54:40 - [TEST_STEP][PASSED] - request = getInstance().getCurrentRequest(): null

2024-01-05 14:54:40 - [TEST_STEP][PASSED] - response = getInstance().getCurrentResponse(): null

2024-01-05 14:54:40 - [MESSAGE][PASSED] - Verify response successfully

2024-01-05 14:54:40 - [MESSAGE][PASSED] - All validation steps have been passed

2024-01-05 14:54:40 - [MESSAGE][PASSED] - Send request and verify the response successfully

2024-01-05 14:54:40 - [TEST_STEP][PASSED] - verifyResponseStatusCode(response, 401, STOP_ON_FAILURE): Verify response status code successfully

2024-01-05 14:54:40 - [MESSAGE][PASSED] - Verify response status code successfully

2024-01-05 14:54:40 - [TEST_STEP][PASSED] - jsonString = response.getResponseText(): null

2024-01-05 14:54:40 - [TEST_STEP][PASSED] - println(jsonString): null

2024-01-05 14:54:40 - [TEST_STEP][PASSED] - verifyEqual(jsonString, "{"message":"Invalid token"}"): Actual object '{"message":"Invalid token"}' and expected object '{"message":"Invalid token"}' are equal

2024-01-05 14:54:40 - [MESSAGE][PASSED] - Actual object '{"message":"Invalid token"}' and expected object '{"message":"Invalid token"}' are equal]]></system-out>
         <system-err><![CDATA[]]></system-err>
      </testcase>
      <testcase name="Test Cases/Delete User/Positive/TC1_Positive_Delete User Data" time="2.243" classname="Test Cases/Delete User/Positive/TC1_Positive_Delete User Data" status="PASSED">
         <system-out><![CDATA[2024-01-05 14:54:40 - [TEST_CASE][PASSED] - Test Cases/Delete User/Positive/TC1_Positive_Delete User Data: Test Cases/Delete User/Positive/TC1_Positive_Delete User Data

2024-01-05 14:54:41 - [TEST_STEP][PASSED] - response = sendRequestAndVerify(findTestObject("Object Repository/Gorest/Delete User/TC1_Positive_Delete User Data")): Send request and verify the response successfully

2024-01-05 14:54:42 - [MESSAGE][INFO] - HAR: D:\Test BNI\Suhendar - BNI API Sample Test\Suhendar-API Sample Test\Reports\20240105_145339\TS_Collection Regression Test\20240105_145339\requests\main\17.har

2024-01-05 14:54:42 - [TEST_CASE][PASSED] - Start Test Case : Verification: Verification accomplished successfully

2024-01-05 14:54:42 - [TEST_STEP][PASSED] - request = getInstance().getCurrentRequest(): null

2024-01-05 14:54:42 - [TEST_STEP][PASSED] - response = getInstance().getCurrentResponse(): null

2024-01-05 14:54:42 - [MESSAGE][PASSED] - Verify response successfully

2024-01-05 14:54:42 - [MESSAGE][PASSED] - All validation steps have been passed

2024-01-05 14:54:42 - [MESSAGE][PASSED] - Send request and verify the response successfully

2024-01-05 14:54:42 - [TEST_STEP][PASSED] - verifyResponseStatusCode(response, 204, STOP_ON_FAILURE): Verify response status code successfully

2024-01-05 14:54:42 - [MESSAGE][PASSED] - Verify response status code successfully]]></system-out>
         <system-err><![CDATA[]]></system-err>
      </testcase>
      <system-out><![CDATA[2024-01-05 14:53:48 - [TEST_SUITE][PASSED] - TS_Collection Regression Test: Test Cases/Delete User/Positive/TC1_Positive_Delete User Data]]></system-out>
      <system-err><![CDATA[]]></system-err>
   </testsuite>
</testsuites>
